

Processing ApplicationController#index (for 127.0.0.1 at 2014-03-26 17:42:49) [GET]

ActionController::RoutingError (No route matches "/pages" with {:method=>:get}):
  <internal:prelude>:8:in `synchronize'
  C:/Ruby191/lib/ruby/1.9.1/webrick/httpserver.rb:111:in `service'
  C:/Ruby191/lib/ruby/1.9.1/webrick/httpserver.rb:70:in `run'
  C:/Ruby191/lib/ruby/1.9.1/webrick/server.rb:183:in `block in start_thread'

Rendering rescues/layout (not_found)


Processing ApplicationController#index (for 127.0.0.1 at 2014-03-26 17:43:13) [GET]

ActionController::RoutingError (No route matches "/pages/home" with {:method=>:get}):
  <internal:prelude>:8:in `synchronize'
  C:/Ruby191/lib/ruby/1.9.1/webrick/httpserver.rb:111:in `service'
  C:/Ruby191/lib/ruby/1.9.1/webrick/httpserver.rb:70:in `run'
  C:/Ruby191/lib/ruby/1.9.1/webrick/server.rb:183:in `block in start_thread'

Rendering rescues/layout (not_found)


Processing ApplicationController#index (for 127.0.0.1 at 2014-03-26 17:43:16) [GET]

ActionController::RoutingError (No route matches "/pages/home" with {:method=>:get}):
  <internal:prelude>:8:in `synchronize'
  C:/Ruby191/lib/ruby/1.9.1/webrick/httpserver.rb:111:in `service'
  C:/Ruby191/lib/ruby/1.9.1/webrick/httpserver.rb:70:in `run'
  C:/Ruby191/lib/ruby/1.9.1/webrick/server.rb:183:in `block in start_thread'

Rendering rescues/layout (not_found)


Processing ApplicationController#index (for 127.0.0.1 at 2014-03-26 17:43:17) [GET]

ActionController::RoutingError (No route matches "/pages/home" with {:method=>:get}):
  <internal:prelude>:8:in `synchronize'
  C:/Ruby191/lib/ruby/1.9.1/webrick/httpserver.rb:111:in `service'
  C:/Ruby191/lib/ruby/1.9.1/webrick/httpserver.rb:70:in `run'
  C:/Ruby191/lib/ruby/1.9.1/webrick/server.rb:183:in `block in start_thread'

Rendering rescues/layout (not_found)


Processing ApplicationController#index (for 127.0.0.1 at 2014-03-26 17:47:21) [GET]

ActionController::RoutingError (No route matches "/pages/home" with {:method=>:get}):
  <internal:prelude>:8:in `synchronize'
  C:/Ruby191/lib/ruby/1.9.1/webrick/httpserver.rb:111:in `service'
  C:/Ruby191/lib/ruby/1.9.1/webrick/httpserver.rb:70:in `run'
  C:/Ruby191/lib/ruby/1.9.1/webrick/server.rb:183:in `block in start_thread'

Rendering rescues/layout (not_found)


Processing ApplicationController#index (for 127.0.0.1 at 2014-03-26 17:47:23) [GET]

ActionController::RoutingError (No route matches "/pages/home" with {:method=>:get}):
  <internal:prelude>:8:in `synchronize'
  C:/Ruby191/lib/ruby/1.9.1/webrick/httpserver.rb:111:in `service'
  C:/Ruby191/lib/ruby/1.9.1/webrick/httpserver.rb:70:in `run'
  C:/Ruby191/lib/ruby/1.9.1/webrick/server.rb:183:in `block in start_thread'

Rendering rescues/layout (not_found)


Processing ApplicationController#index (for 127.0.0.1 at 2014-03-26 17:47:23) [GET]

ActionController::RoutingError (No route matches "/pages/home" with {:method=>:get}):
  <internal:prelude>:8:in `synchronize'
  C:/Ruby191/lib/ruby/1.9.1/webrick/httpserver.rb:111:in `service'
  C:/Ruby191/lib/ruby/1.9.1/webrick/httpserver.rb:70:in `run'
  C:/Ruby191/lib/ruby/1.9.1/webrick/server.rb:183:in `block in start_thread'

Rendering rescues/layout (not_found)


Processing ApplicationController#index (for 127.0.0.1 at 2014-03-26 17:47:27) [GET]

ActionController::RoutingError (No route matches "/pages" with {:method=>:get}):
  <internal:prelude>:8:in `synchronize'
  C:/Ruby191/lib/ruby/1.9.1/webrick/httpserver.rb:111:in `service'
  C:/Ruby191/lib/ruby/1.9.1/webrick/httpserver.rb:70:in `run'
  C:/Ruby191/lib/ruby/1.9.1/webrick/server.rb:183:in `block in start_thread'

Rendering rescues/layout (not_found)


Processing ApplicationController#index (for 127.0.0.1 at 2014-03-26 17:53:42) [GET]

ActionController::RoutingError (No route matches "/home" with {:method=>:get}):
  <internal:prelude>:8:in `synchronize'
  C:/Ruby191/lib/ruby/1.9.1/webrick/httpserver.rb:111:in `service'
  C:/Ruby191/lib/ruby/1.9.1/webrick/httpserver.rb:70:in `run'
  C:/Ruby191/lib/ruby/1.9.1/webrick/server.rb:183:in `block in start_thread'

Rendering rescues/layout (not_found)


Processing ApplicationController#index (for 127.0.0.1 at 2014-03-26 17:53:58) [GET]

ActionController::RoutingError (No route matches "/pages/home" with {:method=>:get}):
  <internal:prelude>:8:in `synchronize'
  C:/Ruby191/lib/ruby/1.9.1/webrick/httpserver.rb:111:in `service'
  C:/Ruby191/lib/ruby/1.9.1/webrick/httpserver.rb:70:in `run'
  C:/Ruby191/lib/ruby/1.9.1/webrick/server.rb:183:in `block in start_thread'

Rendering rescues/layout (not_found)


Processing ApplicationController#index (for 127.0.0.1 at 2014-03-26 17:54:04) [GET]

ActionController::RoutingError (No route matches "/pages/contact" with {:method=>:get}):
  <internal:prelude>:8:in `synchronize'
  C:/Ruby191/lib/ruby/1.9.1/webrick/httpserver.rb:111:in `service'
  C:/Ruby191/lib/ruby/1.9.1/webrick/httpserver.rb:70:in `run'
  C:/Ruby191/lib/ruby/1.9.1/webrick/server.rb:183:in `block in start_thread'

Rendering rescues/layout (not_found)


Processing ApplicationController#index (for 127.0.0.1 at 2014-03-26 17:54:26) [GET]

ActionController::RoutingError (No route matches "/pages/home" with {:method=>:get}):
  <internal:prelude>:8:in `synchronize'
  C:/Ruby191/lib/ruby/1.9.1/webrick/httpserver.rb:111:in `service'
  C:/Ruby191/lib/ruby/1.9.1/webrick/httpserver.rb:70:in `run'
  C:/Ruby191/lib/ruby/1.9.1/webrick/server.rb:183:in `block in start_thread'

Rendering rescues/layout (not_found)


Processing ApplicationController#index (for 127.0.0.1 at 2014-03-26 17:59:07) [GET]

ActionController::RoutingError (No route matches "/pages" with {:method=>:get}):
  <internal:prelude>:8:in `synchronize'
  C:/Ruby191/lib/ruby/1.9.1/webrick/httpserver.rb:111:in `service'
  C:/Ruby191/lib/ruby/1.9.1/webrick/httpserver.rb:70:in `run'
  C:/Ruby191/lib/ruby/1.9.1/webrick/server.rb:183:in `block in start_thread'

Rendering rescues/layout (not_found)


Processing PagesController#home (for 127.0.0.1 at 2014-03-26 18:01:38) [GET]
Rendering pages/home
Completed in 76ms (View: 75, DB: 0) | 200 OK [http://localhost/pages/home]


Processing PagesController#home (for 127.0.0.1 at 2014-03-27 08:21:04) [GET]
Rendering pages/home
Completed in 7ms (View: 6, DB: 0) | 200 OK [http://localhost/pages/home]


Processing PagesController#about (for 127.0.0.1 at 2014-03-27 08:39:19) [GET]
Rendering pages/about
Completed in 14ms (View: 13, DB: 0) | 200 OK [http://localhost/pages/about]


Processing PagesController#home (for 127.0.0.1 at 2014-03-27 08:44:37) [GET]
Rendering pages/home
Completed in 7ms (View: 6, DB: 0) | 200 OK [http://localhost/pages/home]


Processing PagesController#contact (for 127.0.0.1 at 2014-03-27 08:46:37) [GET]
Rendering pages/contact
Completed in 9ms (View: 8, DB: 0) | 200 OK [http://localhost/pages/contact]


Processing PagesController#home (for 127.0.0.1 at 2014-03-27 08:46:48) [GET]
Rendering pages/home
Completed in 1ms (View: 1, DB: 0) | 200 OK [http://localhost/pages/home]


Processing ApplicationController#home (for 127.0.0.1 at 2014-03-27 08:54:07) [GET]

SyntaxError (C:/Users/mbekkouch/Desktop/Ruby/Sites_test/sample_app/app/controllers/pages_controller.rb:9: invalid multibyte char (US-ASCII)
C:/Users/mbekkouch/Desktop/Ruby/Sites_test/sample_app/app/controllers/pages_controller.rb:9: syntax error, unexpected tCONSTANT, expecting keyword_end
		@titre = "À Propos"
		                  ^
C:/Users/mbekkouch/Desktop/Ruby/Sites_test/sample_app/app/controllers/pages_controller.rb:9: unterminated string meets end of file
C:/Users/mbekkouch/Desktop/Ruby/Sites_test/sample_app/app/controllers/pages_controller.rb:9: syntax error, unexpected $end, expecting keyword_end):
  <internal:prelude>:8:in `synchronize'
  C:/Ruby191/lib/ruby/1.9.1/webrick/httpserver.rb:111:in `service'
  C:/Ruby191/lib/ruby/1.9.1/webrick/httpserver.rb:70:in `run'
  C:/Ruby191/lib/ruby/1.9.1/webrick/server.rb:183:in `block in start_thread'

Rendered rescues/_trace (53.0ms)
Rendered rescues/_request_and_response (9.5ms)
Rendering rescues/layout (internal_server_error)


Processing PagesController#home (for 127.0.0.1 at 2014-03-27 08:54:27) [GET]
Rendering pages/home
Completed in 8ms (View: 7, DB: 0) | 200 OK [http://localhost/pages/home]


Processing PagesController#home (for 127.0.0.1 at 2014-03-27 08:54:51) [GET]
Rendering pages/home
Completed in 3ms (View: 1, DB: 0) | 200 OK [http://localhost/pages/home]


Processing PagesController#home (for 127.0.0.1 at 2014-03-27 08:56:17) [GET]

SystemExit (Message goes here):
  app/controllers/pages_controller.rb:4:in `abort'
  app/controllers/pages_controller.rb:4:in `home'
  <internal:prelude>:8:in `synchronize'
  C:/Ruby191/lib/ruby/1.9.1/webrick/httpserver.rb:111:in `service'
  C:/Ruby191/lib/ruby/1.9.1/webrick/httpserver.rb:70:in `run'
  C:/Ruby191/lib/ruby/1.9.1/webrick/server.rb:183:in `block in start_thread'

Rendered rescues/_trace (31.0ms)
Rendered rescues/_request_and_response (0.0ms)
Rendering rescues/layout (internal_server_error)


Processing PagesController#home (for 127.0.0.1 at 2014-03-27 08:56:44) [GET]
Rendering pages/home
Completed in 3ms (View: 2, DB: 0) | 200 OK [http://localhost/pages/home]


Processing PagesController#home (for 127.0.0.1 at 2014-03-27 08:57:12) [GET]
Rendering pages/home
Completed in 1ms (View: 0, DB: 0) | 200 OK [http://localhost/pages/home]


Processing PagesController#home (for 127.0.0.1 at 2014-03-27 08:57:16) [GET]
Rendering pages/home
Completed in 2ms (View: 1, DB: 0) | 200 OK [http://localhost/pages/home]


Processing PagesController#home (for 127.0.0.1 at 2014-03-27 08:58:45) [GET]
Processing the request...
Rendering pages/home
Completed in 2ms (View: 1, DB: 0) | 200 OK [http://localhost/pages/home]


Processing PagesController#home (for 127.0.0.1 at 2014-03-27 08:59:23) [GET]
Rendering pages/home
Completed in 2ms (View: 1, DB: 0) | 200 OK [http://localhost/pages/home]


Processing PagesController#home (for 127.0.0.1 at 2014-03-27 09:02:20) [GET]
Rendering pages/home
Completed in 3ms (View: 1, DB: 0) | 200 OK [http://localhost/pages/home]


Processing PagesController#home (for 127.0.0.1 at 2014-03-27 09:05:43) [GET]
Rendering template within layouts/application
Rendering pages/home

ActionView::TemplateError (undefined local variable or method `csrf_meta_tag' for #<ActionView::Base:0x257e180>) on line #5 of app/views/layouts/application.html.erb:
2: <html>
3: <head>
4: <title>Simple App du Tutoriel Ruby on Rails | <%= @titre %></title>
5: <%= csrf_meta_tag %>
6: </head>
7: <body>
8: <%= yield %>

    app/views/layouts/application.html.erb:5
    <internal:prelude>:8:in `synchronize'
    C:/Ruby191/lib/ruby/1.9.1/webrick/httpserver.rb:111:in `service'
    C:/Ruby191/lib/ruby/1.9.1/webrick/httpserver.rb:70:in `run'
    C:/Ruby191/lib/ruby/1.9.1/webrick/server.rb:183:in `block in start_thread'

Rendered rescues/_trace (39.5ms)
Rendered rescues/_request_and_response (0.5ms)
Rendering rescues/layout (internal_server_error)


Processing PagesController#home (for 127.0.0.1 at 2014-03-27 09:06:12) [GET]
Rendering template within layouts/application
Rendering pages/home
Completed in 8ms (View: 7, DB: 0) | 200 OK [http://localhost/pages/home]


Processing PagesController#home (for 127.0.0.1 at 2014-03-27 09:06:34) [GET]
Rendering template within layouts/application
Rendering pages/home
Completed in 12ms (View: 11, DB: 0) | 200 OK [http://localhost/pages/home]


Processing PagesController#home (for 127.0.0.1 at 2014-03-27 09:08:21) [GET]
Rendering template within layouts/application
Rendering pages/home

ActionView::TemplateError (undefined local variable or method `csrf_meta_tag' for #<ActionView::Base:0x38f4c00>) on line #5 of app/views/layouts/application.html.erb:
2: <html>
3: <head>
4: <title>Simple App du Tutoriel Ruby on Rails | <%= @titre %></title>
5: <!-- <%= csrf_meta_tag %> -->
6: </head>
7: <body>
8: <%= yield %>

    app/views/layouts/application.html.erb:5
    <internal:prelude>:8:in `synchronize'
    C:/Ruby191/lib/ruby/1.9.1/webrick/httpserver.rb:111:in `service'
    C:/Ruby191/lib/ruby/1.9.1/webrick/httpserver.rb:70:in `run'
    C:/Ruby191/lib/ruby/1.9.1/webrick/server.rb:183:in `block in start_thread'

Rendered rescues/_trace (59.0ms)
Rendered rescues/_request_and_response (0.0ms)
Rendering rescues/layout (internal_server_error)


Processing PagesController#home (for 127.0.0.1 at 2014-03-27 09:08:40) [GET]
Rendering template within layouts/application
Rendering pages/home
Completed in 9ms (View: 8, DB: 0) | 200 OK [http://localhost/pages/home]


Processing PagesController#home (for 127.0.0.1 at 2014-03-27 09:09:53) [GET]
Rendering template within layouts/application
Rendering pages/home
Completed in 6ms (View: 6, DB: 0) | 200 OK [http://localhost/pages/home]


Processing ApplicationController#home (for 127.0.0.1 at 2014-03-27 09:33:00) [GET]

NameError (uninitialized constant PagesController):
  <internal:prelude>:8:in `synchronize'
  C:/Ruby191/lib/ruby/1.9.1/webrick/httpserver.rb:111:in `service'
  C:/Ruby191/lib/ruby/1.9.1/webrick/httpserver.rb:70:in `run'
  C:/Ruby191/lib/ruby/1.9.1/webrick/server.rb:183:in `block in start_thread'

Rendered rescues/_trace (28.5ms)
Rendered rescues/_request_and_response (0.0ms)
Rendering rescues/layout (internal_server_error)


Processing PagesController#home (for 127.0.0.1 at 2014-03-27 09:36:00) [GET]
Rendering template within layouts/application
Rendering pages/home
Completed in 11ms (View: 11, DB: 0) | 200 OK [http://localhost/pages/home]


Processing PagesController#home (for 127.0.0.1 at 2014-03-27 09:40:40) [GET]
Rendering template within layouts/application
Rendering pages/home
Completed in 1ms (View: 1, DB: 0) | 200 OK [http://localhost/pages/home]


Processing PagesController#home (for 127.0.0.1 at 2014-03-27 09:40:42) [GET]
Rendering template within layouts/application
Rendering pages/home
Completed in 3ms (View: 2, DB: 0) | 200 OK [http://localhost/pages/home]


Processing PagesController#home (for 127.0.0.1 at 2014-03-27 09:42:51) [GET]
Rendering template within layouts/application
Rendering pages/home
Completed in 3ms (View: 1, DB: 0) | 200 OK [http://localhost/pages/home]


Processing PagesController#home (for 127.0.0.1 at 2014-03-27 09:42:53) [GET]
Rendering template within layouts/application
Rendering pages/home
Completed in 2ms (View: 1, DB: 0) | 200 OK [http://localhost/pages/home]


Processing PagesController#home (for 127.0.0.1 at 2014-03-27 09:45:14) [GET]
Rendering template within layouts/application
Rendering pages/home
Completed in 6ms (View: 6, DB: 0) | 200 OK [http://localhost/pages/home]


Processing PagesController#home (for 127.0.0.1 at 2014-03-27 09:45:16) [GET]
Rendering template within layouts/application
Rendering pages/home
Completed in 1ms (View: 1, DB: 0) | 200 OK [http://localhost/pages/home]


Processing PagesController#contact (for 127.0.0.1 at 2014-03-27 09:45:20) [GET]
Rendering template within layouts/application
Rendering pages/contact
Completed in 7ms (View: 5, DB: 0) | 200 OK [http://localhost/pages/contact]


Processing PagesController#home (for 127.0.0.1 at 2014-03-27 09:50:26) [GET]
Rendering template within layouts/application
Rendering pages/home
Completed in 21ms (View: 21, DB: 0) | 200 OK [http://localhost/pages/home]


Processing PagesController#home (for 127.0.0.1 at 2014-03-27 09:58:36) [GET]
Rendering template within layouts/application
Rendering pages/home
Completed in 3ms (View: 2, DB: 0) | 200 OK [http://localhost/pages/home]


Processing PagesController#home (for 127.0.0.1 at 2014-03-27 09:58:41) [GET]
Rendering template within layouts/application
Rendering pages/home
Completed in 3ms (View: 2, DB: 0) | 200 OK [http://localhost/pages/home]


Processing PagesController#home (for 127.0.0.1 at 2014-03-27 09:59:00) [GET]

SystemExit (exit):
  app/controllers/pages_controller.rb:4:in `exit'
  app/controllers/pages_controller.rb:4:in `home'
  <internal:prelude>:8:in `synchronize'
  C:/Ruby191/lib/ruby/1.9.1/webrick/httpserver.rb:111:in `service'
  C:/Ruby191/lib/ruby/1.9.1/webrick/httpserver.rb:70:in `run'
  C:/Ruby191/lib/ruby/1.9.1/webrick/server.rb:183:in `block in start_thread'

Rendered rescues/_trace (30.0ms)
Rendered rescues/_request_and_response (0.5ms)
Rendering rescues/layout (internal_server_error)


Processing PagesController#home (for 127.0.0.1 at 2014-03-27 10:00:00) [GET]
Rendering template within layouts/application
Rendering pages/home
Completed in 4ms (View: 2, DB: 0) | 200 OK [http://localhost/pages/home]


Processing PagesController#home (for 127.0.0.1 at 2014-03-27 10:00:15) [GET]
Rendering template within layouts/application
Rendering pages/home
Completed in 5ms (View: 3, DB: 0) | 200 OK [http://localhost/pages/home]


Processing PagesController#home (for 127.0.0.1 at 2014-03-27 10:00:36) [GET]
Rendering template within layouts/application
Rendering pages/home
Completed in 3ms (View: 2, DB: 0) | 200 OK [http://localhost/pages/home]


Processing PagesController#home (for 127.0.0.1 at 2014-03-27 10:00:45) [GET]
Rendering template within layouts/application
Rendering pages/home
Completed in 3ms (View: 2, DB: 0) | 200 OK [http://localhost/pages/home]


Processing PagesController#home (for 127.0.0.1 at 2014-03-27 10:13:02) [GET]
Rendering template within layouts/application
Rendering pages/home

ActionView::TemplateError (undefined local variable or method `titre' for #<ActionView::Base:0x4ae0a60>) on line #4 of app/views/layouts/application.html.erb:
1: <!DOCTYPE html>
2: <html>
3: 	<head>
4: 		<title><%= titre %></title>
5: 		<!--  csrf_meta_tag  -->
6: 		<%= stylesheet_link_tag 'blueprint/screen', :media => 'screen' %>
7: 		<%= stylesheet_link_tag 'blueprint/print', :media => 'print' %>

    app/views/layouts/application.html.erb:4
    <internal:prelude>:8:in `synchronize'
    C:/Ruby191/lib/ruby/1.9.1/webrick/httpserver.rb:111:in `service'
    C:/Ruby191/lib/ruby/1.9.1/webrick/httpserver.rb:70:in `run'
    C:/Ruby191/lib/ruby/1.9.1/webrick/server.rb:183:in `block in start_thread'

Rendered rescues/_trace (41.0ms)
Rendered rescues/_request_and_response (0.0ms)
Rendering rescues/layout (internal_server_error)


Processing PagesController#home (for 127.0.0.1 at 2014-03-27 10:13:32) [GET]
Rendering template within layouts/application
Rendering pages/home
Completed in 7ms (View: 6, DB: 0) | 200 OK [http://localhost/pages/home]


Processing PagesController#home (for 127.0.0.1 at 2014-03-27 11:21:03) [GET]
Rendering template within layouts/application
Rendering pages/home

ActionView::TemplateError (undefined local variable or method `title' for #<ActionView::Base:0x3a1d7a0>) on line #4 of app/views/layouts/application.html.erb:
1: <!DOCTYPE html>
2: <html>
3: 	<head>
4: 		<title><%= title %></title>
5: 		<!-- csrf_meta_tag %> -->
6: 		<!--[if lt IE 9]>
7: 		<script

    app/views/layouts/application.html.erb:4
    <internal:prelude>:8:in `synchronize'
    C:/Ruby191/lib/ruby/1.9.1/webrick/httpserver.rb:111:in `service'
    C:/Ruby191/lib/ruby/1.9.1/webrick/httpserver.rb:70:in `run'
    C:/Ruby191/lib/ruby/1.9.1/webrick/server.rb:183:in `block in start_thread'

Rendered rescues/_trace (58.0ms)
Rendered rescues/_request_and_response (0.0ms)
Rendering rescues/layout (internal_server_error)


Processing PagesController#home (for 127.0.0.1 at 2014-03-27 11:21:27) [GET]
Rendering template within layouts/application
Rendering pages/home

ActionView::TemplateError (undefined local variable or method `titre' for #<ActionView::Base:0x4c000e0>) on line #4 of app/views/layouts/application.html.erb:
1: <!DOCTYPE html>
2: <html>
3: 	<head>
4: 		<title><%= titre %></title>
5: 		<!-- csrf_meta_tag %> -->
6: 		<!--[if lt IE 9]>
7: 		<script

    app/views/layouts/application.html.erb:4
    <internal:prelude>:8:in `synchronize'
    C:/Ruby191/lib/ruby/1.9.1/webrick/httpserver.rb:111:in `service'
    C:/Ruby191/lib/ruby/1.9.1/webrick/httpserver.rb:70:in `run'
    C:/Ruby191/lib/ruby/1.9.1/webrick/server.rb:183:in `block in start_thread'

Rendered rescues/_trace (39.5ms)
Rendered rescues/_request_and_response (0.0ms)
Rendering rescues/layout (internal_server_error)


Processing PagesController#home (for 127.0.0.1 at 2014-03-27 11:22:05) [GET]
Rendering template within layouts/application
Rendering pages/home

ActionView::TemplateError (undefined local variable or method `titre' for #<ActionView::Base:0x33b3540>) on line #4 of app/views/layouts/application.html.erb:
1: <!DOCTYPE html>
2: <html>
3: 	<head>
4: 		<title><%= titre %></title>
5: 		<!-- csrf_meta_tag %> -->
6: 		<!--[if lt IE 9]>
7: 		<script

    app/views/layouts/application.html.erb:4
    <internal:prelude>:8:in `synchronize'
    C:/Ruby191/lib/ruby/1.9.1/webrick/httpserver.rb:111:in `service'
    C:/Ruby191/lib/ruby/1.9.1/webrick/httpserver.rb:70:in `run'
    C:/Ruby191/lib/ruby/1.9.1/webrick/server.rb:183:in `block in start_thread'

Rendered rescues/_trace (57.5ms)
Rendered rescues/_request_and_response (0.0ms)
Rendering rescues/layout (internal_server_error)


Processing PagesController#home (for 127.0.0.1 at 2014-03-27 11:22:25) [GET]
Rendering template within layouts/application
Rendering pages/home

ActionView::TemplateError (undefined local variable or method `titre' for #<ActionView::Base:0x4a01000>) on line #4 of app/views/layouts/application.html.erb:
1: <!DOCTYPE html>
2: <html>
3: 	<head>
4: 		<title><% titre %></title>
5: 		<!-- csrf_meta_tag %> -->
6: 		<!--[if lt IE 9]>
7: 		<script

    app/views/layouts/application.html.erb:4
    <internal:prelude>:8:in `synchronize'
    C:/Ruby191/lib/ruby/1.9.1/webrick/httpserver.rb:111:in `service'
    C:/Ruby191/lib/ruby/1.9.1/webrick/httpserver.rb:70:in `run'
    C:/Ruby191/lib/ruby/1.9.1/webrick/server.rb:183:in `block in start_thread'

Rendered rescues/_trace (39.0ms)
Rendered rescues/_request_and_response (0.0ms)
Rendering rescues/layout (internal_server_error)


Processing PagesController#home (for 127.0.0.1 at 2014-03-27 11:22:27) [GET]
Rendering template within layouts/application
Rendering pages/home

ActionView::TemplateError (undefined local variable or method `titre' for #<ActionView::Base:0x3284ce0>) on line #4 of app/views/layouts/application.html.erb:
1: <!DOCTYPE html>
2: <html>
3: 	<head>
4: 		<title><% titre %></title>
5: 		<!-- csrf_meta_tag %> -->
6: 		<!--[if lt IE 9]>
7: 		<script

    app/views/layouts/application.html.erb:4
    <internal:prelude>:8:in `synchronize'
    C:/Ruby191/lib/ruby/1.9.1/webrick/httpserver.rb:111:in `service'
    C:/Ruby191/lib/ruby/1.9.1/webrick/httpserver.rb:70:in `run'
    C:/Ruby191/lib/ruby/1.9.1/webrick/server.rb:183:in `block in start_thread'

Rendered rescues/_trace (58.0ms)
Rendered rescues/_request_and_response (0.0ms)
Rendering rescues/layout (internal_server_error)


Processing PagesController#home (for 127.0.0.1 at 2014-03-27 11:22:50) [GET]
Rendering template within layouts/application
Rendering pages/home
Completed in 8ms (View: 7, DB: 0) | 200 OK [http://localhost/pages/home]


Processing ApplicationController#index (for 127.0.0.1 at 2014-03-27 11:22:50) [GET]

ActionController::RoutingError (No route matches "/stylesheets/custom.css" with {:method=>:get}):
  <internal:prelude>:8:in `synchronize'
  C:/Ruby191/lib/ruby/1.9.1/webrick/httpserver.rb:111:in `service'
  C:/Ruby191/lib/ruby/1.9.1/webrick/httpserver.rb:70:in `run'
  C:/Ruby191/lib/ruby/1.9.1/webrick/server.rb:183:in `block in start_thread'

Rendering rescues/layout (not_found)


Processing ApplicationController#index (for 127.0.0.1 at 2014-03-27 11:22:50) [GET]

ActionController::RoutingError (No route matches "/images/logo.png" with {:method=>:get}):
  <internal:prelude>:8:in `synchronize'
  C:/Ruby191/lib/ruby/1.9.1/webrick/httpserver.rb:111:in `service'
  C:/Ruby191/lib/ruby/1.9.1/webrick/httpserver.rb:70:in `run'
  C:/Ruby191/lib/ruby/1.9.1/webrick/server.rb:183:in `block in start_thread'

Rendering rescues/layout (not_found)


Processing PagesController#home (for 127.0.0.1 at 2014-03-27 11:26:32) [GET]
Rendering template within layouts/application
Rendering pages/home
Completed in 3ms (View: 3, DB: 0) | 200 OK [http://localhost/pages/home]


Processing ApplicationController#index (for 127.0.0.1 at 2014-03-27 11:26:32) [GET]

ActionController::RoutingError (No route matches "/stylesheets/custom.css" with {:method=>:get}):
  <internal:prelude>:8:in `synchronize'
  C:/Ruby191/lib/ruby/1.9.1/webrick/httpserver.rb:111:in `service'
  C:/Ruby191/lib/ruby/1.9.1/webrick/httpserver.rb:70:in `run'
  C:/Ruby191/lib/ruby/1.9.1/webrick/server.rb:183:in `block in start_thread'

Rendering rescues/layout (not_found)


Processing ApplicationController#index (for 127.0.0.1 at 2014-03-27 11:26:32) [GET]

ActionController::RoutingError (No route matches "/images/logo.png" with {:method=>:get}):
  <internal:prelude>:8:in `synchronize'
  C:/Ruby191/lib/ruby/1.9.1/webrick/httpserver.rb:111:in `service'
  C:/Ruby191/lib/ruby/1.9.1/webrick/httpserver.rb:70:in `run'
  C:/Ruby191/lib/ruby/1.9.1/webrick/server.rb:183:in `block in start_thread'

Rendering rescues/layout (not_found)


Processing PagesController#home (for 127.0.0.1 at 2014-03-27 11:26:42) [GET]
Rendering template within layouts/application
Rendering pages/home
Completed in 4ms (View: 2, DB: 0) | 200 OK [http://localhost/pages/home]


Processing ApplicationController#index (for 127.0.0.1 at 2014-03-27 11:26:42) [GET]

ActionController::RoutingError (No route matches "/stylesheets/custom.css" with {:method=>:get}):
  <internal:prelude>:8:in `synchronize'
  C:/Ruby191/lib/ruby/1.9.1/webrick/httpserver.rb:111:in `service'
  C:/Ruby191/lib/ruby/1.9.1/webrick/httpserver.rb:70:in `run'
  C:/Ruby191/lib/ruby/1.9.1/webrick/server.rb:183:in `block in start_thread'

Rendering rescues/layout (not_found)


Processing ApplicationController#index (for 127.0.0.1 at 2014-03-27 11:26:42) [GET]

ActionController::RoutingError (No route matches "/images/logo.png" with {:method=>:get}):
  <internal:prelude>:8:in `synchronize'
  C:/Ruby191/lib/ruby/1.9.1/webrick/httpserver.rb:111:in `service'
  C:/Ruby191/lib/ruby/1.9.1/webrick/httpserver.rb:70:in `run'
  C:/Ruby191/lib/ruby/1.9.1/webrick/server.rb:183:in `block in start_thread'

Rendering rescues/layout (not_found)


Processing PagesController#home (for 127.0.0.1 at 2014-03-27 11:26:57) [GET]
Rendering template within layouts/application
Rendering pages/home
Completed in 3ms (View: 2, DB: 0) | 200 OK [http://localhost/pages/home]


Processing ApplicationController#index (for 127.0.0.1 at 2014-03-27 11:26:57) [GET]

ActionController::RoutingError (No route matches "/stylesheets/custom.css" with {:method=>:get}):
  <internal:prelude>:8:in `synchronize'
  C:/Ruby191/lib/ruby/1.9.1/webrick/httpserver.rb:111:in `service'
  C:/Ruby191/lib/ruby/1.9.1/webrick/httpserver.rb:70:in `run'
  C:/Ruby191/lib/ruby/1.9.1/webrick/server.rb:183:in `block in start_thread'

Rendering rescues/layout (not_found)


Processing ApplicationController#index (for 127.0.0.1 at 2014-03-27 11:26:57) [GET]

ActionController::RoutingError (No route matches "/images/logo.png" with {:method=>:get}):
  <internal:prelude>:8:in `synchronize'
  C:/Ruby191/lib/ruby/1.9.1/webrick/httpserver.rb:111:in `service'
  C:/Ruby191/lib/ruby/1.9.1/webrick/httpserver.rb:70:in `run'
  C:/Ruby191/lib/ruby/1.9.1/webrick/server.rb:183:in `block in start_thread'

Rendering rescues/layout (not_found)


Processing PagesController#home (for 127.0.0.1 at 2014-03-27 11:27:23) [GET]
Rendering template within layouts/application
Rendering pages/home
Completed in 5ms (View: 4, DB: 0) | 200 OK [http://localhost/pages/home]


Processing ApplicationController#index (for 127.0.0.1 at 2014-03-27 11:27:23) [GET]

ActionController::RoutingError (No route matches "/stylesheets/custom.css" with {:method=>:get}):
  <internal:prelude>:8:in `synchronize'
  C:/Ruby191/lib/ruby/1.9.1/webrick/httpserver.rb:111:in `service'
  C:/Ruby191/lib/ruby/1.9.1/webrick/httpserver.rb:70:in `run'
  C:/Ruby191/lib/ruby/1.9.1/webrick/server.rb:183:in `block in start_thread'

Rendering rescues/layout (not_found)


Processing ApplicationController#index (for 127.0.0.1 at 2014-03-27 11:27:23) [GET]

ActionController::RoutingError (No route matches "/images/logo.png" with {:method=>:get}):
  <internal:prelude>:8:in `synchronize'
  C:/Ruby191/lib/ruby/1.9.1/webrick/httpserver.rb:111:in `service'
  C:/Ruby191/lib/ruby/1.9.1/webrick/httpserver.rb:70:in `run'
  C:/Ruby191/lib/ruby/1.9.1/webrick/server.rb:183:in `block in start_thread'

Rendering rescues/layout (not_found)


Processing PagesController#home (for 127.0.0.1 at 2014-03-27 11:27:25) [GET]
Rendering template within layouts/application
Rendering pages/home
Completed in 3ms (View: 2, DB: 0) | 200 OK [http://localhost/pages/home]


Processing ApplicationController#index (for 127.0.0.1 at 2014-03-27 11:27:25) [GET]

ActionController::RoutingError (No route matches "/stylesheets/custom.css" with {:method=>:get}):
  <internal:prelude>:8:in `synchronize'
  C:/Ruby191/lib/ruby/1.9.1/webrick/httpserver.rb:111:in `service'
  C:/Ruby191/lib/ruby/1.9.1/webrick/httpserver.rb:70:in `run'
  C:/Ruby191/lib/ruby/1.9.1/webrick/server.rb:183:in `block in start_thread'

Rendering rescues/layout (not_found)


Processing ApplicationController#index (for 127.0.0.1 at 2014-03-27 11:27:25) [GET]

ActionController::RoutingError (No route matches "/images/logo.png" with {:method=>:get}):
  <internal:prelude>:8:in `synchronize'
  C:/Ruby191/lib/ruby/1.9.1/webrick/httpserver.rb:111:in `service'
  C:/Ruby191/lib/ruby/1.9.1/webrick/httpserver.rb:70:in `run'
  C:/Ruby191/lib/ruby/1.9.1/webrick/server.rb:183:in `block in start_thread'

Rendering rescues/layout (not_found)


Processing PagesController#home (for 127.0.0.1 at 2014-03-27 11:27:54) [GET]
Rendering template within layouts/application
Rendering pages/home
Completed in 3ms (View: 2, DB: 0) | 200 OK [http://localhost/pages/home]


Processing ApplicationController#index (for 127.0.0.1 at 2014-03-27 11:27:55) [GET]

ActionController::RoutingError (No route matches "/stylesheets/custom.css" with {:method=>:get}):
  <internal:prelude>:8:in `synchronize'
  C:/Ruby191/lib/ruby/1.9.1/webrick/httpserver.rb:111:in `service'
  C:/Ruby191/lib/ruby/1.9.1/webrick/httpserver.rb:70:in `run'
  C:/Ruby191/lib/ruby/1.9.1/webrick/server.rb:183:in `block in start_thread'

Rendering rescues/layout (not_found)


Processing ApplicationController#index (for 127.0.0.1 at 2014-03-27 11:27:55) [GET]

ActionController::RoutingError (No route matches "/images/logo.png" with {:method=>:get}):
  <internal:prelude>:8:in `synchronize'
  C:/Ruby191/lib/ruby/1.9.1/webrick/httpserver.rb:111:in `service'
  C:/Ruby191/lib/ruby/1.9.1/webrick/httpserver.rb:70:in `run'
  C:/Ruby191/lib/ruby/1.9.1/webrick/server.rb:183:in `block in start_thread'

Rendering rescues/layout (not_found)


Processing PagesController#home (for 127.0.0.1 at 2014-03-27 11:28:24) [GET]
Rendering template within layouts/application
Rendering pages/home
Completed in 3ms (View: 2, DB: 0) | 200 OK [http://localhost/pages/home]


Processing ApplicationController#index (for 127.0.0.1 at 2014-03-27 11:28:24) [GET]

ActionController::RoutingError (No route matches "/stylesheets/custom.css" with {:method=>:get}):
  <internal:prelude>:8:in `synchronize'
  C:/Ruby191/lib/ruby/1.9.1/webrick/httpserver.rb:111:in `service'
  C:/Ruby191/lib/ruby/1.9.1/webrick/httpserver.rb:70:in `run'
  C:/Ruby191/lib/ruby/1.9.1/webrick/server.rb:183:in `block in start_thread'

Rendering rescues/layout (not_found)


Processing ApplicationController#index (for 127.0.0.1 at 2014-03-27 11:28:24) [GET]

ActionController::RoutingError (No route matches "/images/logo.png" with {:method=>:get}):
  <internal:prelude>:8:in `synchronize'
  C:/Ruby191/lib/ruby/1.9.1/webrick/httpserver.rb:111:in `service'
  C:/Ruby191/lib/ruby/1.9.1/webrick/httpserver.rb:70:in `run'
  C:/Ruby191/lib/ruby/1.9.1/webrick/server.rb:183:in `block in start_thread'

Rendering rescues/layout (not_found)


Processing ApplicationController#index (for 127.0.0.1 at 2014-03-27 11:28:37) [GET]

ActionController::RoutingError (No route matches "/images/logo.png" with {:method=>:get}):
  <internal:prelude>:8:in `synchronize'
  C:/Ruby191/lib/ruby/1.9.1/webrick/httpserver.rb:111:in `service'
  C:/Ruby191/lib/ruby/1.9.1/webrick/httpserver.rb:70:in `run'
  C:/Ruby191/lib/ruby/1.9.1/webrick/server.rb:183:in `block in start_thread'

Rendering rescues/layout (not_found)


Processing PagesController#home (for 127.0.0.1 at 2014-03-27 11:28:39) [GET]
Rendering template within layouts/application
Rendering pages/home
Completed in 3ms (View: 2, DB: 0) | 200 OK [http://localhost/pages/home]


Processing ApplicationController#index (for 127.0.0.1 at 2014-03-27 11:28:39) [GET]

ActionController::RoutingError (No route matches "/stylesheets/custom.css" with {:method=>:get}):
  <internal:prelude>:8:in `synchronize'
  C:/Ruby191/lib/ruby/1.9.1/webrick/httpserver.rb:111:in `service'
  C:/Ruby191/lib/ruby/1.9.1/webrick/httpserver.rb:70:in `run'
  C:/Ruby191/lib/ruby/1.9.1/webrick/server.rb:183:in `block in start_thread'

Rendering rescues/layout (not_found)


Processing ApplicationController#index (for 127.0.0.1 at 2014-03-27 11:28:39) [GET]

ActionController::RoutingError (No route matches "/images/logo.png" with {:method=>:get}):
  <internal:prelude>:8:in `synchronize'
  C:/Ruby191/lib/ruby/1.9.1/webrick/httpserver.rb:111:in `service'
  C:/Ruby191/lib/ruby/1.9.1/webrick/httpserver.rb:70:in `run'
  C:/Ruby191/lib/ruby/1.9.1/webrick/server.rb:183:in `block in start_thread'

Rendering rescues/layout (not_found)


Processing ApplicationController#index (for 127.0.0.1 at 2014-03-27 11:28:54) [GET]

ActionController::RoutingError (No route matches "/images/logo.png" with {:method=>:get}):
  <internal:prelude>:8:in `synchronize'
  C:/Ruby191/lib/ruby/1.9.1/webrick/httpserver.rb:111:in `service'
  C:/Ruby191/lib/ruby/1.9.1/webrick/httpserver.rb:70:in `run'
  C:/Ruby191/lib/ruby/1.9.1/webrick/server.rb:183:in `block in start_thread'

Rendering rescues/layout (not_found)


Processing PagesController#home (for 127.0.0.1 at 2014-03-27 11:28:55) [GET]
Rendering template within layouts/application
Rendering pages/home
Completed in 3ms (View: 3, DB: 0) | 200 OK [http://localhost/pages/home]


Processing ApplicationController#index (for 127.0.0.1 at 2014-03-27 11:28:55) [GET]

ActionController::RoutingError (No route matches "/stylesheets/custom.css" with {:method=>:get}):
  <internal:prelude>:8:in `synchronize'
  C:/Ruby191/lib/ruby/1.9.1/webrick/httpserver.rb:111:in `service'
  C:/Ruby191/lib/ruby/1.9.1/webrick/httpserver.rb:70:in `run'
  C:/Ruby191/lib/ruby/1.9.1/webrick/server.rb:183:in `block in start_thread'

Rendering rescues/layout (not_found)


Processing ApplicationController#index (for 127.0.0.1 at 2014-03-27 11:28:55) [GET]

ActionController::RoutingError (No route matches "/images/logo.png" with {:method=>:get}):
  <internal:prelude>:8:in `synchronize'
  C:/Ruby191/lib/ruby/1.9.1/webrick/httpserver.rb:111:in `service'
  C:/Ruby191/lib/ruby/1.9.1/webrick/httpserver.rb:70:in `run'
  C:/Ruby191/lib/ruby/1.9.1/webrick/server.rb:183:in `block in start_thread'

Rendering rescues/layout (not_found)


Processing PagesController#home (for 127.0.0.1 at 2014-03-27 11:30:03) [GET]
Rendering template within layouts/application
Rendering pages/home
Completed in 3ms (View: 2, DB: 0) | 200 OK [http://localhost/pages/home]


Processing ApplicationController#index (for 127.0.0.1 at 2014-03-27 11:30:03) [GET]

ActionController::RoutingError (No route matches "/stylesheets/custom.css" with {:method=>:get}):
  <internal:prelude>:8:in `synchronize'
  C:/Ruby191/lib/ruby/1.9.1/webrick/httpserver.rb:111:in `service'
  C:/Ruby191/lib/ruby/1.9.1/webrick/httpserver.rb:70:in `run'
  C:/Ruby191/lib/ruby/1.9.1/webrick/server.rb:183:in `block in start_thread'

Rendering rescues/layout (not_found)


Processing PagesController#home (for 127.0.0.1 at 2014-03-27 11:32:31) [GET]
Rendering template within layouts/application
Rendering pages/home
Completed in 3ms (View: 2, DB: 0) | 200 OK [http://localhost/pages/home]


Processing PagesController#home (for 127.0.0.1 at 2014-03-27 11:32:51) [GET]
Rendering template within layouts/application
Rendering pages/home
Completed in 3ms (View: 2, DB: 0) | 200 OK [http://localhost/pages/home]


Processing PagesController#home (for 127.0.0.1 at 2014-03-27 11:35:40) [GET]
Rendering template within layouts/application
Rendering pages/home
Completed in 3ms (View: 3, DB: 0) | 200 OK [http://localhost/pages/home]


Processing PagesController#home (for 127.0.0.1 at 2014-03-27 11:37:57) [GET]
Rendering template within layouts/application
Rendering pages/home
Completed in 3ms (View: 2, DB: 0) | 200 OK [http://localhost/pages/home]


Processing PagesController#home (for 127.0.0.1 at 2014-03-27 11:38:27) [GET]
Rendering template within layouts/application
Rendering pages/home
Completed in 4ms (View: 3, DB: 0) | 200 OK [http://localhost/pages/home]


Processing PagesController#home (for 127.0.0.1 at 2014-03-27 11:38:53) [GET]
Rendering template within layouts/application
Rendering pages/home
Completed in 8ms (View: 7, DB: 0) | 200 OK [http://localhost/pages/home]


Processing PagesController#home (for 127.0.0.1 at 2014-03-27 11:38:56) [GET]
Rendering template within layouts/application
Rendering pages/home
Completed in 2ms (View: 2, DB: 0) | 200 OK [http://localhost/pages/home]


Processing PagesController#home (for 127.0.0.1 at 2014-03-27 11:39:13) [GET]
Rendering template within layouts/application
Rendering pages/home
Completed in 10ms (View: 9, DB: 0) | 200 OK [http://localhost/pages/home]


Processing PagesController#home (for 127.0.0.1 at 2014-03-27 11:50:22) [GET]
Rendering template within layouts/application
Rendering pages/home

ActionView::TemplateError (undefined local variable or method `csrf_meta_tag' for #<ActionView::Base:0x3305ea0>) on line #5 of app/views/layouts/application.html.erb:
2: <html>
3: 	<head>
4: 		<title><%= titre %></title>
5: 		<%= csrf_meta_tag %>
6: 		<%= render 'layouts/stylesheets' %>
7: 	</head>
8: 	<body>

    app/views/layouts/application.html.erb:5
    <internal:prelude>:8:in `synchronize'
    C:/Ruby191/lib/ruby/1.9.1/webrick/httpserver.rb:111:in `service'
    C:/Ruby191/lib/ruby/1.9.1/webrick/httpserver.rb:70:in `run'
    C:/Ruby191/lib/ruby/1.9.1/webrick/server.rb:183:in `block in start_thread'

Rendered rescues/_trace (58.0ms)
Rendered rescues/_request_and_response (0.0ms)
Rendering rescues/layout (internal_server_error)


Processing PagesController#home (for 127.0.0.1 at 2014-03-27 11:50:47) [GET]
Rendering template within layouts/application
Rendering pages/home
Rendered layouts/_stylesheets (0.5ms)
Rendered layouts/_header (1.0ms)
Rendered layouts/_footer (1.0ms)
Completed in 22ms (View: 21, DB: 0) | 200 OK [http://localhost/pages/home]


Processing PagesController#home (for 127.0.0.1 at 2014-03-27 11:50:50) [GET]
Rendering template within layouts/application
Rendering pages/home
Rendered layouts/_stylesheets (0.0ms)
Rendered layouts/_header (0.0ms)
Rendered layouts/_footer (0.0ms)
Completed in 3ms (View: 2, DB: 0) | 200 OK [http://localhost/pages/home]


Processing PagesController#home (for 127.0.0.1 at 2014-03-27 11:51:44) [GET]
Rendering template within layouts/application
Rendering pages/home
Rendered layouts/_stylesheets (2.0ms)
Rendered layouts/_header (0.5ms)
Rendered layouts/_footer (0.5ms)
Completed in 10ms (View: 9, DB: 0) | 200 OK [http://localhost/pages/home]


Processing PagesController#home (for 127.0.0.1 at 2014-03-27 11:52:09) [GET]
Rendering template within layouts/application
Rendering pages/home
Rendered layouts/_stylesheets (1.0ms)
Rendered layouts/_header (0.0ms)
Rendered layouts/_footer (1.0ms)
Completed in 8ms (View: 8, DB: 0) | 200 OK [http://localhost/pages/home]


Processing PagesController#about (for 127.0.0.1 at 2014-03-27 12:03:06) [GET]
Rendering template within layouts/application
Rendering pages/about
Rendered layouts/_stylesheets (1.0ms)
Rendered layouts/_header (0.5ms)

ActionView::TemplateError (incompatible character encodings: UTF-8 and CP850) on line #12 of app/views/layouts/application.html.erb:
9: 		<div class="container">
10: 			<%= render 'layouts/header' %>
11: 			<section class="round">
12: 				<%= yield %>
13: 			</section>
14: 			<%= render 'layouts/footer' %>
15: 		</div>

    app/views/layouts/application.html.erb:12:in `concat'
    app/views/layouts/application.html.erb:12
    <internal:prelude>:8:in `synchronize'
    C:/Ruby191/lib/ruby/1.9.1/webrick/httpserver.rb:111:in `service'
    C:/Ruby191/lib/ruby/1.9.1/webrick/httpserver.rb:70:in `run'
    C:/Ruby191/lib/ruby/1.9.1/webrick/server.rb:183:in `block in start_thread'

Rendered rescues/_trace (40.0ms)
Rendered rescues/_request_and_response (0.0ms)
Rendering rescues/layout (internal_server_error)


Processing PagesController#about (for 127.0.0.1 at 2014-03-27 12:03:32) [GET]
Rendering template within layouts/application
Rendering pages/about

ActionView::TemplateError (incompatible character encodings: CP850 and UTF-8) on line #4 of app/views/layouts/application.html.erb:
1: ï»¿<!DOCTYPE html>
2: <html>
3: 	<head>
4: 		<title><%= titre %></title>
5: 		<!-- csrf_meta_tag -->
6: 		<%= render 'layouts/stylesheets' %>
7: 	</head>

    app/views/layouts/application.html.erb:4:in `concat'
    app/views/layouts/application.html.erb:4
    <internal:prelude>:8:in `synchronize'
    C:/Ruby191/lib/ruby/1.9.1/webrick/httpserver.rb:111:in `service'
    C:/Ruby191/lib/ruby/1.9.1/webrick/httpserver.rb:70:in `run'
    C:/Ruby191/lib/ruby/1.9.1/webrick/server.rb:183:in `block in start_thread'

Rendered rescues/_trace (41.0ms)
Rendered rescues/_request_and_response (0.0ms)
Rendering rescues/layout (internal_server_error)


Processing PagesController#about (for 127.0.0.1 at 2014-03-27 12:04:15) [GET]
Rendering template within layouts/application
Rendering pages/about

ActionView::TemplateError (incompatible character encodings: CP850 and UTF-8) on line #4 of app/views/layouts/application.html.erb:
1: ï»¿<!DOCTYPE html>
2: <html>
3: 	<head>
4: 		<title><%= titre %></title>
5: 		<!-- csrf_meta_tag -->
6: 		<%= render 'layouts/stylesheets' %>
7: 	</head>

    app/views/layouts/application.html.erb:4:in `concat'
    app/views/layouts/application.html.erb:4
    <internal:prelude>:8:in `synchronize'
    C:/Ruby191/lib/ruby/1.9.1/webrick/httpserver.rb:111:in `service'
    C:/Ruby191/lib/ruby/1.9.1/webrick/httpserver.rb:70:in `run'
    C:/Ruby191/lib/ruby/1.9.1/webrick/server.rb:183:in `block in start_thread'

Rendered rescues/_trace (39.0ms)
Rendered rescues/_request_and_response (0.0ms)
Rendering rescues/layout (internal_server_error)


Processing PagesController#about (for 127.0.0.1 at 2014-03-27 12:04:17) [GET]
Rendering template within layouts/application
Rendering pages/about

ActionView::TemplateError (incompatible character encodings: CP850 and UTF-8) on line #4 of app/views/layouts/application.html.erb:
1: ï»¿<!DOCTYPE html>
2: <html>
3: 	<head>
4: 		<title><%= titre %></title>
5: 		<!-- csrf_meta_tag -->
6: 		<%= render 'layouts/stylesheets' %>
7: 	</head>

    app/views/layouts/application.html.erb:4:in `concat'
    app/views/layouts/application.html.erb:4
    <internal:prelude>:8:in `synchronize'
    C:/Ruby191/lib/ruby/1.9.1/webrick/httpserver.rb:111:in `service'
    C:/Ruby191/lib/ruby/1.9.1/webrick/httpserver.rb:70:in `run'
    C:/Ruby191/lib/ruby/1.9.1/webrick/server.rb:183:in `block in start_thread'

Rendered rescues/_trace (58.0ms)
Rendered rescues/_request_and_response (0.0ms)
Rendering rescues/layout (internal_server_error)


Processing PagesController#about (for 127.0.0.1 at 2014-03-27 12:04:46) [GET]
Rendering template within layouts/application
Rendering pages/about
Rendered layouts/_stylesheets (0.5ms)
Rendered layouts/_header (0.0ms)

ActionView::TemplateError (undefined local variable or method `about_path' for #<ActionView::Base:0x4ee1180>) on line #4 of app/views/layouts/_footer.html.erb:
1: ï»¿<footer>
2: 	<nav class="round">
3: 		<ul>
4: 			<li><%= link_to "Ã€ Propos", about_path %></li>
5: 			<li><%= link_to "Contact", '#' %></li>
6: 			<li><a href="http://news.railstutorial.org/">News</a></li>
7: 			<li><a href="http://www.railstutorial.org/">Tutoriel Rails</a></li>

    app/views/layouts/_footer.html.erb:4
    app/views/layouts/application.html.erb:14
    <internal:prelude>:8:in `synchronize'
    C:/Ruby191/lib/ruby/1.9.1/webrick/httpserver.rb:111:in `service'
    C:/Ruby191/lib/ruby/1.9.1/webrick/httpserver.rb:70:in `run'
    C:/Ruby191/lib/ruby/1.9.1/webrick/server.rb:183:in `block in start_thread'

Rendered rescues/_trace (49.5ms)
Rendered rescues/_request_and_response (0.0ms)
Rendering rescues/layout (internal_server_error)


Processing PagesController#about (for 127.0.0.1 at 2014-03-27 12:05:11) [GET]
Rendering template within layouts/application
Rendering pages/about
Rendered layouts/_stylesheets (1.0ms)
Rendered layouts/_header (0.5ms)

ActionView::TemplateError (undefined local variable or method `about_path' for #<ActionView::Base:0x37eafc0>) on line #4 of app/views/layouts/_footer.html.erb:
1: ï»¿<footer>
2: 	<nav class="round">
3: 		<ul>
4: 			<li><%= link_to "Ã€ Propos", about_path %></li>
5: 			<li><%= link_to "Contact", '#' %></li>
6: 			<li><a href="http://news.railstutorial.org/">News</a></li>
7: 			<li><a href="http://www.railstutorial.org/">Tutoriel Rails</a></li>

    app/views/layouts/_footer.html.erb:4
    app/views/layouts/application.html.erb:14
    <internal:prelude>:8:in `synchronize'
    C:/Ruby191/lib/ruby/1.9.1/webrick/httpserver.rb:111:in `service'
    C:/Ruby191/lib/ruby/1.9.1/webrick/httpserver.rb:70:in `run'
    C:/Ruby191/lib/ruby/1.9.1/webrick/server.rb:183:in `block in start_thread'

Rendered rescues/_trace (67.5ms)
Rendered rescues/_request_and_response (0.5ms)
Rendering rescues/layout (internal_server_error)


Processing PagesController#about (for 127.0.0.1 at 2014-03-27 12:05:13) [GET]
Rendering template within layouts/application
Rendering pages/about
Rendered layouts/_stylesheets (1.0ms)
Rendered layouts/_header (0.5ms)

ActionView::TemplateError (undefined local variable or method `about_path' for #<ActionView::Base:0x4950220>) on line #4 of app/views/layouts/_footer.html.erb:
1: ï»¿<footer>
2: 	<nav class="round">
3: 		<ul>
4: 			<li><%= link_to "Ã€ Propos", about_path %></li>
5: 			<li><%= link_to "Contact", '#' %></li>
6: 			<li><a href="http://news.railstutorial.org/">News</a></li>
7: 			<li><a href="http://www.railstutorial.org/">Tutoriel Rails</a></li>

    app/views/layouts/_footer.html.erb:4
    app/views/layouts/application.html.erb:14
    <internal:prelude>:8:in `synchronize'
    C:/Ruby191/lib/ruby/1.9.1/webrick/httpserver.rb:111:in `service'
    C:/Ruby191/lib/ruby/1.9.1/webrick/httpserver.rb:70:in `run'
    C:/Ruby191/lib/ruby/1.9.1/webrick/server.rb:183:in `block in start_thread'

Rendered rescues/_trace (49.0ms)
Rendered rescues/_request_and_response (0.0ms)
Rendering rescues/layout (internal_server_error)


Processing PagesController#about (for 127.0.0.1 at 2014-03-27 12:05:33) [GET]
Rendering template within layouts/application
Rendering pages/about
Rendered layouts/_stylesheets (1.0ms)
Rendered layouts/_header (0.5ms)
Rendered layouts/_footer (0.5ms)
Completed in 27ms (View: 27, DB: 0) | 200 OK [http://localhost/about]


Processing PagesController#about (for 127.0.0.1 at 2014-03-27 12:07:34) [GET]
Rendering template within layouts/application
Rendering pages/about
Rendered layouts/_stylesheets (0.5ms)
Rendered layouts/_header (0.0ms)

ActionView::TemplateError (undefined local variable or method `about_path' for #<ActionView::Base:0x4e41020>) on line #4 of app/views/layouts/_footer.html.erb:
1: ï»¿<footer>
2: 	<nav class="round">
3: 		<ul>
4: 			<li><%= link_to "Ã€ Propos", about_path %></li>
5: 			<li><%= link_to "Contact", '#' %></li>
6: 			<li><a href="http://news.railstutorial.org/">News</a></li>
7: 			<li><a href="http://www.railstutorial.org/">Tutoriel Rails</a></li>

    app/views/layouts/_footer.html.erb:4
    app/views/layouts/application.html.erb:14
    <internal:prelude>:8:in `synchronize'
    C:/Ruby191/lib/ruby/1.9.1/webrick/httpserver.rb:111:in `service'
    C:/Ruby191/lib/ruby/1.9.1/webrick/httpserver.rb:70:in `run'
    C:/Ruby191/lib/ruby/1.9.1/webrick/server.rb:183:in `block in start_thread'

Rendered rescues/_trace (49.0ms)
Rendered rescues/_request_and_response (0.5ms)
Rendering rescues/layout (internal_server_error)


Processing PagesController#about (for 127.0.0.1 at 2014-03-27 13:14:43) [GET]
Rendering template within layouts/application
Rendering pages/about
Rendered layouts/_stylesheets (1.5ms)
Rendered layouts/_header (0.5ms)

ActionView::TemplateError (undefined local variable or method `about_path' for #<ActionView::Base:0x33249a0>) on line #4 of app/views/layouts/_footer.html.erb:
1: ï»¿<footer>
2: 	<nav class="round">
3: 		<ul>
4: 			<li><%= link_to "Ã€ Propos", about_path %></li>
5: 			<li><%= link_to "Contact", '#' %></li>
6: 			<li><a href="http://news.railstutorial.org/">News</a></li>
7: 			<li><a href="http://www.railstutorial.org/">Tutoriel Rails</a></li>

    app/views/layouts/_footer.html.erb:4
    app/views/layouts/application.html.erb:14
    <internal:prelude>:8:in `synchronize'
    C:/Ruby191/lib/ruby/1.9.1/webrick/httpserver.rb:111:in `service'
    C:/Ruby191/lib/ruby/1.9.1/webrick/httpserver.rb:70:in `run'
    C:/Ruby191/lib/ruby/1.9.1/webrick/server.rb:183:in `block in start_thread'

Rendered rescues/_trace (68.0ms)
Rendered rescues/_request_and_response (0.5ms)
Rendering rescues/layout (internal_server_error)


Processing PagesController#about (for 127.0.0.1 at 2014-03-27 13:18:19) [GET]
Rendering template within layouts/application
Rendering pages/about
Rendered layouts/_stylesheets (1.5ms)
Rendered layouts/_header (1.5ms)

ActionView::TemplateError (undefined local variable or method `about_path' for #<ActionView::Base:0x4c90120>) on line #4 of app/views/layouts/_footer.html.erb:
1: ï»¿<footer>
2: 	<nav class="round">
3: 		<ul>
4: 			<li><%= link_to "Ã€ Propos", about_path %></li>
5: 			<li><%= link_to "Contact", '#' %></li>
6: 			<li><a href="http://news.railstutorial.org/">News</a></li>
7: 			<li><a href="http://www.railstutorial.org/">Tutoriel Rails</a></li>

    app/views/layouts/_footer.html.erb:4
    app/views/layouts/application.html.erb:14
    <internal:prelude>:8:in `synchronize'
    C:/Ruby191/lib/ruby/1.9.1/webrick/httpserver.rb:111:in `service'
    C:/Ruby191/lib/ruby/1.9.1/webrick/httpserver.rb:70:in `run'
    C:/Ruby191/lib/ruby/1.9.1/webrick/server.rb:183:in `block in start_thread'

Rendered rescues/_trace (63.0ms)
Rendered rescues/_request_and_response (1.0ms)
Rendering rescues/layout (internal_server_error)


Processing PagesController#home (for 127.0.0.1 at 2014-03-27 13:20:30) [GET]
Rendering template within layouts/application
Rendering pages/home
Rendered layouts/_stylesheets (1.5ms)
Rendered layouts/_header (0.5ms)
Rendered layouts/_footer (0.0ms)
Completed in 11ms (View: 10, DB: 0) | 200 OK [http://localhost/pages/home]


Processing ApplicationController#index (for 127.0.0.1 at 2014-03-27 13:20:59) [GET]

ActionController::RoutingError (No route matches "/about" with {:method=>:get}):
  <internal:prelude>:8:in `synchronize'
  C:/Ruby191/lib/ruby/1.9.1/webrick/httpserver.rb:111:in `service'
  C:/Ruby191/lib/ruby/1.9.1/webrick/httpserver.rb:70:in `run'
  C:/Ruby191/lib/ruby/1.9.1/webrick/server.rb:183:in `block in start_thread'

Rendering rescues/layout (not_found)


Processing PagesController#show (for 127.0.0.1 at 2014-03-27 13:21:26) [GET]
  Parameters: {"id"=>"about"}

ActionController::UnknownAction (No action responded to show. Actions: about, contact, help, and home):
  <internal:prelude>:8:in `synchronize'
  C:/Ruby191/lib/ruby/1.9.1/webrick/httpserver.rb:111:in `service'
  C:/Ruby191/lib/ruby/1.9.1/webrick/httpserver.rb:70:in `run'
  C:/Ruby191/lib/ruby/1.9.1/webrick/server.rb:183:in `block in start_thread'

Rendering rescues/layout (not_found)


Processing PagesController#about (for 127.0.0.1 at 2014-03-27 13:21:42) [GET]
Rendering template within layouts/application
Rendering pages/about
Rendered layouts/_stylesheets (1.0ms)
Rendered layouts/_header (0.5ms)
Rendered layouts/_footer (0.0ms)
Completed in 4ms (View: 3, DB: 0) | 200 OK [http://localhost/about]


Processing PagesController#about (for 127.0.0.1 at 2014-03-27 13:21:44) [GET]
Rendering template within layouts/application
Rendering pages/about
Rendered layouts/_stylesheets (1.0ms)
Rendered layouts/_header (0.5ms)
Rendered layouts/_footer (0.0ms)
Completed in 4ms (View: 3, DB: 0) | 200 OK [http://localhost/about]


Processing PagesController#about (for 127.0.0.1 at 2014-03-27 13:21:45) [GET]
Rendering template within layouts/application
Rendering pages/about
Rendered layouts/_stylesheets (0.5ms)
Rendered layouts/_header (0.0ms)
Rendered layouts/_footer (0.5ms)
Completed in 4ms (View: 3, DB: 0) | 200 OK [http://localhost/about]


Processing ApplicationController#index (for 127.0.0.1 at 2014-03-27 13:21:50) [GET]

ActionController::RoutingError (No route matches "/home" with {:method=>:get}):
  <internal:prelude>:8:in `synchronize'
  C:/Ruby191/lib/ruby/1.9.1/webrick/httpserver.rb:111:in `service'
  C:/Ruby191/lib/ruby/1.9.1/webrick/httpserver.rb:70:in `run'
  C:/Ruby191/lib/ruby/1.9.1/webrick/server.rb:183:in `block in start_thread'

Rendering rescues/layout (not_found)


Processing PagesController#home (for 127.0.0.1 at 2014-03-27 13:21:56) [GET]
Rendering template within layouts/application
Rendering pages/home
Rendered layouts/_stylesheets (1.0ms)
Rendered layouts/_header (0.5ms)
Rendered layouts/_footer (0.0ms)
Completed in 4ms (View: 3, DB: 0) | 200 OK [http://localhost/pages/home]


Processing PagesController#about (for 127.0.0.1 at 2014-03-27 13:21:58) [GET]
Rendering template within layouts/application
Rendering pages/about
Rendered layouts/_stylesheets (0.5ms)
Rendered layouts/_header (0.0ms)
Rendered layouts/_footer (0.0ms)
Completed in 3ms (View: 3, DB: 0) | 200 OK [http://localhost/about]


Processing PagesController#about (for 127.0.0.1 at 2014-03-27 13:22:01) [GET]
Rendering template within layouts/application
Rendering pages/about
Rendered layouts/_stylesheets (1.0ms)
Rendered layouts/_header (0.5ms)
Rendered layouts/_footer (0.0ms)
Completed in 3ms (View: 3, DB: 0) | 200 OK [http://localhost/about]


Processing PagesController#home (for 127.0.0.1 at 2014-03-27 13:24:13) [GET]
Rendering template within layouts/application
Rendering pages/home
Rendered layouts/_stylesheets (0.5ms)
Rendered layouts/_header (0.5ms)
Rendered layouts/_footer (0.0ms)
Completed in 4ms (View: 4, DB: 0) | 200 OK [http://localhost/]


Processing PagesController#home (for 127.0.0.1 at 2014-03-27 13:24:18) [GET]
Rendering template within layouts/application
Rendering pages/home
Rendered layouts/_stylesheets (1.0ms)
Rendered layouts/_header (0.5ms)
Rendered layouts/_footer (0.0ms)
Completed in 4ms (View: 3, DB: 0) | 200 OK [http://localhost/]


Processing PagesController#home (for 127.0.0.1 at 2014-03-27 13:30:41) [GET]
Rendering template within layouts/application
Rendering pages/home
Rendered layouts/_stylesheets (0.5ms)
Rendered layouts/_header (1.0ms)
Rendered layouts/_footer (0.0ms)
Completed in 9ms (View: 8, DB: 0) | 200 OK [http://localhost/]


Processing PagesController#home (for 127.0.0.1 at 2014-03-27 13:30:47) [GET]
Rendering template within layouts/application
Rendering pages/home
Rendered layouts/_stylesheets (1.0ms)
Rendered layouts/_header (0.5ms)
Rendered layouts/_footer (0.0ms)
Completed in 4ms (View: 3, DB: 0) | 200 OK [http://localhost/]


Processing UsersController#new (for 127.0.0.1 at 2014-03-27 13:44:40) [GET]
Rendering template within layouts/application
Rendering users/new
Rendered layouts/_stylesheets (1.0ms)
Rendered layouts/_header (0.0ms)
Rendered layouts/_footer (1.0ms)
Completed in 17ms (View: 17, DB: 0) | 200 OK [http://localhost/signup]


Processing UsersController#new (for 127.0.0.1 at 2014-03-27 13:45:17) [GET]
Rendering template within layouts/application
Rendering users/new
Rendered layouts/_stylesheets (1.0ms)
Rendered layouts/_header (0.5ms)
Rendered layouts/_footer (0.0ms)
Completed in 4ms (View: 3, DB: 0) | 200 OK [http://localhost/users/new]
